This file contains any messages produced by compilers while
running configure, to aid debugging if configure makes a mistake.

It was created by libsecp256k1 configure 0.1, which was
generated by GNU Autoconf 2.69.  Invocation command line was

  $ ./configure --disable-option-checking --prefix=/root/btad_new2/depends/i686-w64-mingw32 --disable-shared --with-pic --cache-file=/dev/null --srcdir=.

## --------- ##
## Platform. ##
## --------- ##

hostname = vultr.guest
uname -m = x86_64
uname -r = 3.13.0-147-generic
uname -s = Linux
uname -v = #196-Ubuntu SMP Wed May 2 15:51:34 UTC 2018

/usr/bin/uname -p = unknown
/bin/uname -X     = unknown

/bin/arch              = unknown
/usr/bin/arch -k       = unknown
/usr/convex/getsysinfo = unknown
/usr/bin/hostinfo      = unknown
/bin/machine           = unknown
/usr/bin/oslevel       = unknown
/bin/universe          = unknown

PATH: /root/btad_new2/depends/i686-w64-mingw32/share/../native/bin
PATH: /usr/local/sbin
PATH: /usr/local/bin
PATH: /usr/sbin
PATH: /usr/bin
PATH: /sbin
PATH: /bin
PATH: /usr/games
PATH: /usr/local/games


## ----------- ##
## Core tests. ##
## ----------- ##

configure:2153: loading site script /root/btad_new2/depends/i686-w64-mingw32/share/config.site
| depends_prefix="`dirname ${ac_site_file}`/.."
| 
| cross_compiling=maybe
| host_alias=i686-w64-mingw32
| ac_tool_prefix=${host_alias}-
| 
| if test -z $with_boost; then
|   with_boost=$depends_prefix
| fi
| if test -z $with_qt_plugindir; then
|   with_qt_plugindir=$depends_prefix/plugins
| fi
| if test -z $with_qt_translationdir; then
|   with_qt_translationdir=$depends_prefix/translations
| fi
| if test -z $with_qt_bindir && test -z ""; then
|   with_qt_bindir=$depends_prefix/native/bin
| fi
| if test -z $with_protoc_bindir && test -z ""; then
|   with_protoc_bindir=$depends_prefix/native/bin
| fi
| 
| 
| if test -z $enable_wallet && test -n ""; then
|   enable_wallet=no
| fi
| 
| if test -z $with_miniupnpc && test -n ""; then
|   with_miniupnpc=no
| fi
| 
| if test -z $with_gui && test -n ""; then
|   with_gui=no
| fi
| 
| if test xmingw32 = xdarwin; then
|   BREW=no
|   PORT=no
| fi
| 
| if test xmingw32 = xmingw32; then
|   if test -z $with_qt_incdir; then
|     with_qt_incdir=$depends_prefix/include
|   fi
|   if test -z $with_qt_libdir; then
|     with_qt_libdir=$depends_prefix/lib
|   fi
| fi
| 
| PATH=$depends_prefix/native/bin:$PATH
| PKG_CONFIG="`which pkg-config` --static"
| 
| # These two need to remain exported because pkg-config does not see them
| # otherwise. That means they must be unexported at the end of configure.ac to
| # avoid ruining the cache. Sigh.
| export PKG_CONFIG_PATH=$depends_prefix/share/pkgconfig:$depends_prefix/lib/pkgconfig
| if test -z ""; then
|   export PKGCONFIG_LIBDIR=
| fi
| 
| CPPFLAGS="-I$depends_prefix/include/ $CPPFLAGS"
| LDFLAGS="-L$depends_prefix/lib $LDFLAGS"
| 
| CC="i686-w64-mingw32-gcc"
| CXX="i686-w64-mingw32-g++"
| OBJC="${CC}"
| CCACHE=$depends_prefix/native/bin/ccache
| PYTHONPATH=$depends_prefix/native/lib/python/dist-packages:$PYTHONPATH
| 
| if test -n "i686-w64-mingw32-ar"; then
|   AR=i686-w64-mingw32-ar
|   ac_cv_path_ac_pt_AR=${AR}
| fi
| 
| if test -n "i686-w64-mingw32-ranlib"; then
|   RANLIB=i686-w64-mingw32-ranlib
|   ac_cv_path_ac_pt_RANLIB=${RANLIB}
| fi
| 
| if test -n "i686-w64-mingw32-nm"; then
|   NM=i686-w64-mingw32-nm
|   ac_cv_path_ac_pt_NM=${NM}
| fi
| 
| if test -n ""; then
|   enable_reduce_exports=no
| fi
| 
| if test -n "-pipe -O2"; then
|   CFLAGS="-pipe -O2 $CFLAGS"
| fi
| if test -n "-pipe -O2"; then
|   CXXFLAGS="-pipe -O2 $CXXFLAGS"
| fi
| if test -n ""; then
|   CPPFLAGS=" $CPPFLAGS"
| fi
| if test -n ""; then
|   LDFLAGS=" $LDFLAGS"
| fi
configure:2283: checking build system type
configure:2297: result: x86_64-unknown-linux-gnu
configure:2317: checking host system type
configure:2330: result: i686-w64-mingw32
configure:2369: checking for a BSD-compatible install
configure:2437: result: /usr/bin/install -c
configure:2448: checking whether build environment is sane
configure:2503: result: yes
configure:2562: checking for i686-w64-mingw32-strip
configure:2578: found /usr/bin/i686-w64-mingw32-strip
configure:2589: result: i686-w64-mingw32-strip
configure:2654: checking for a thread-safe mkdir -p
configure:2693: result: /bin/mkdir -p
configure:2700: checking for gawk
configure:2730: result: no
configure:2700: checking for mawk
configure:2716: found /usr/bin/mawk
configure:2727: result: mawk
configure:2738: checking whether make sets $(MAKE)
configure:2760: result: yes
configure:2789: checking whether make supports nested variables
configure:2806: result: yes
configure:2977: checking how to print strings
configure:3004: result: printf
configure:3037: checking for style of include used by make
configure:3065: result: GNU
configure:3096: checking for i686-w64-mingw32-gcc
configure:3123: result: i686-w64-mingw32-gcc
configure:3392: checking for C compiler version
configure:3401: i686-w64-mingw32-gcc --version >&5
i686-w64-mingw32-gcc (GCC) 4.8.2
Copyright (C) 2013 Free Software Foundation, Inc.
This is free software; see the source for copying conditions.  There is NO
warranty; not even for MERCHANTABILITY or FITNESS FOR A PARTICULAR PURPOSE.

configure:3412: $? = 0
configure:3401: i686-w64-mingw32-gcc -v >&5
Using built-in specs.
COLLECT_GCC=i686-w64-mingw32-gcc
COLLECT_LTO_WRAPPER=/usr/lib/gcc/i686-w64-mingw32/4.8/lto-wrapper
Target: i686-w64-mingw32
Configured with: ../../src/configure --build=x86_64-linux-gnu --prefix=/usr --includedir='/usr/include' --mandir='/usr/share/man' --infodir='/usr/share/info' --sysconfdir=/etc --localstatedir=/var --libexecdir='/usr/lib/gcc-mingw-w64' --disable-maintainer-mode --disable-dependency-tracking --prefix=/usr --enable-shared --enable-static --disable-multilib --with-system-zlib --libexecdir=/usr/lib --without-included-gettext --libdir=/usr/lib --enable-libstdcxx-time=yes --with-tune=generic --enable-version-specific-runtime-libs --enable-threads=posix --enable-fully-dynamic-string --enable-sjlj-exceptions --enable-libgomp --enable-languages=c,c++,fortran,objc,obj-c++ --enable-lto --with-plugin-ld --target=i686-w64-mingw32 --with-gxx-include-dir=/usr/include/c++/4.8 --with-as=/usr/bin/i686-w64-mingw32-as --with-ld=/usr/bin/i686-w64-mingw32-ld
Thread model: posix
gcc version 4.8.2 (GCC) 
configure:3412: $? = 0
configure:3401: i686-w64-mingw32-gcc -V >&5
i686-w64-mingw32-gcc: error: unrecognized command line option '-V'
i686-w64-mingw32-gcc: fatal error: no input files
compilation terminated.
configure:3412: $? = 4
configure:3401: i686-w64-mingw32-gcc -qversion >&5
i686-w64-mingw32-gcc: error: unrecognized command line option '-qversion'
i686-w64-mingw32-gcc: fatal error: no input files
compilation terminated.
configure:3412: $? = 4
configure:3432: checking whether the C compiler works
configure:3454: i686-w64-mingw32-gcc -pipe -O2  -I/root/btad_new2/depends/i686-w64-mingw32/share/../include/  -L/root/btad_new2/depends/i686-w64-mingw32/share/../lib  conftest.c  >&5
configure:3458: $? = 0
configure:3506: result: yes
configure:3509: checking for C compiler default output file name
configure:3511: result: a.exe
configure:3517: checking for suffix of executables
configure:3524: i686-w64-mingw32-gcc -o conftest.exe -pipe -O2  -I/root/btad_new2/depends/i686-w64-mingw32/share/../include/  -L/root/btad_new2/depends/i686-w64-mingw32/share/../lib  conftest.c  >&5
configure:3528: $? = 0
configure:3550: result: .exe
configure:3572: checking whether we are cross compiling
configure:3580: i686-w64-mingw32-gcc -o conftest.exe -pipe -O2  -I/root/btad_new2/depends/i686-w64-mingw32/share/../include/  -L/root/btad_new2/depends/i686-w64-mingw32/share/../lib  conftest.c  >&5
configure:3584: $? = 0
configure:3591: ./conftest.exe
./configure: line 3593: ./conftest.exe: cannot execute binary file: Exec format error
configure:3595: $? = 126
configure:3610: result: yes
configure:3615: checking for suffix of object files
configure:3637: i686-w64-mingw32-gcc -c -pipe -O2  -I/root/btad_new2/depends/i686-w64-mingw32/share/../include/  conftest.c >&5
configure:3641: $? = 0
configure:3662: result: o
configure:3666: checking whether we are using the GNU C compiler
configure:3685: i686-w64-mingw32-gcc -c -pipe -O2  -I/root/btad_new2/depends/i686-w64-mingw32/share/../include/  conftest.c >&5
configure:3685: $? = 0
configure:3694: result: yes
configure:3703: checking whether i686-w64-mingw32-gcc accepts -g
configure:3723: i686-w64-mingw32-gcc -c -g -I/root/btad_new2/depends/i686-w64-mingw32/share/../include/  conftest.c >&5
configure:3723: $? = 0
configure:3764: result: yes
configure:3781: checking for i686-w64-mingw32-gcc option to accept ISO C89
configure:3844: i686-w64-mingw32-gcc  -c -pipe -O2  -I/root/btad_new2/depends/i686-w64-mingw32/share/../include/  conftest.c >&5
configure:3844: $? = 0
configure:3857: result: none needed
configure:3882: checking whether i686-w64-mingw32-gcc understands -c and -o together
configure:3904: i686-w64-mingw32-gcc -c conftest.c -o conftest2.o
configure:3907: $? = 0
configure:3904: i686-w64-mingw32-gcc -c conftest.c -o conftest2.o
configure:3907: $? = 0
configure:3919: result: yes
configure:3938: checking dependency style of i686-w64-mingw32-gcc
configure:4049: result: gcc3
configure:4064: checking for a sed that does not truncate output
configure:4128: result: /bin/sed
configure:4146: checking for grep that handles long lines and -e
configure:4204: result: /bin/grep
configure:4209: checking for egrep
configure:4271: result: /bin/grep -E
configure:4276: checking for fgrep
configure:4338: result: /bin/grep -F
configure:4373: checking for ld used by i686-w64-mingw32-gcc
configure:4440: result: /usr/bin/i686-w64-mingw32-ld
configure:4447: checking if the linker (/usr/bin/i686-w64-mingw32-ld) is GNU ld
configure:4462: result: yes
configure:4474: checking for BSD- or MS-compatible name lister (nm)
configure:4523: result: i686-w64-mingw32-nm
configure:4653: checking the name lister (i686-w64-mingw32-nm) interface
configure:4660: i686-w64-mingw32-gcc -c -pipe -O2  -I/root/btad_new2/depends/i686-w64-mingw32/share/../include/  conftest.c >&5
configure:4663: i686-w64-mingw32-nm "conftest.o"
configure:4666: output
00000000 b .bss
00000000 d .data
00000000 r .rdata$zzz
00000000 t .text
00000000 B _some_variable
configure:4673: result: BSD nm
configure:4676: checking whether ln -s works
configure:4680: result: yes
configure:4688: checking the maximum length of command line arguments
configure:4819: result: 1572864
configure:4836: checking whether the shell understands some XSI constructs
configure:4846: result: yes
configure:4850: checking whether the shell understands "+="
configure:4856: result: yes
configure:4891: checking how to convert x86_64-unknown-linux-gnu file names to i686-w64-mingw32 format
configure:4931: result: func_convert_file_nix_to_w32
configure:4938: checking how to convert x86_64-unknown-linux-gnu file names to toolchain format
configure:4958: result: func_convert_file_noop
configure:4965: checking for /usr/bin/i686-w64-mingw32-ld option to reload object files
configure:4972: result: -r
configure:5006: checking for i686-w64-mingw32-objdump
configure:5022: found /usr/bin/i686-w64-mingw32-objdump
configure:5033: result: i686-w64-mingw32-objdump
configure:5105: checking how to recognize dependent libraries
configure:5303: result: file_magic ^x86 archive import|^x86 DLL
configure:5348: checking for i686-w64-mingw32-dlltool
configure:5364: found /usr/bin/i686-w64-mingw32-dlltool
configure:5375: result: i686-w64-mingw32-dlltool
configure:5448: checking how to associate runtime and link libraries
configure:5475: result: func_cygming_dll_for_implib
configure:5492: checking for i686-w64-mingw32-ar
configure:5519: result: i686-w64-mingw32-ar
configure:5600: checking for archiver @FILE support
configure:5617: i686-w64-mingw32-gcc -c -pipe -O2  -I/root/btad_new2/depends/i686-w64-mingw32/share/../include/  conftest.c >&5
configure:5617: $? = 0
configure:5620: i686-w64-mingw32-ar cru libconftest.a @conftest.lst >&5
configure:5623: $? = 0
configure:5628: i686-w64-mingw32-ar cru libconftest.a @conftest.lst >&5
i686-w64-mingw32-ar: conftest.o: No such file or directory
configure:5631: $? = 1
configure:5643: result: @
configure:5661: checking for i686-w64-mingw32-strip
configure:5688: result: i686-w64-mingw32-strip
configure:5760: checking for i686-w64-mingw32-ranlib
configure:5787: result: i686-w64-mingw32-ranlib
configure:5929: checking command to parse i686-w64-mingw32-nm output from i686-w64-mingw32-gcc object
configure:6049: i686-w64-mingw32-gcc -c -pipe -O2  -I/root/btad_new2/depends/i686-w64-mingw32/share/../include/  conftest.c >&5
configure:6052: $? = 0
configure:6056: i686-w64-mingw32-nm conftest.o \| sed -n -e 's/^.*[ ]\([ABCDGIRSTW][ABCDGIRSTW]*\)[ ][ ]*\([_A-Za-z][_A-Za-z0-9]*\)$/\1 \2 \2/p' | sed '/ __gnu_lto/d' \> conftest.nm
configure:6059: $? = 0
cannot find nm_test_var in conftest.nm
configure:6049: i686-w64-mingw32-gcc -c -pipe -O2  -I/root/btad_new2/depends/i686-w64-mingw32/share/../include/  conftest.c >&5
configure:6052: $? = 0
configure:6056: i686-w64-mingw32-nm conftest.o \| sed -n -e 's/^.*[ ]\([ABCDGIRSTW][ABCDGIRSTW]*\)[ ][ ]*_\([_A-Za-z][_A-Za-z0-9]*\)$/\1 _\2 \2/p' | sed '/ __gnu_lto/d' \> conftest.nm
configure:6059: $? = 0
configure:6125: i686-w64-mingw32-gcc -o conftest.exe -pipe -O2  -I/root/btad_new2/depends/i686-w64-mingw32/share/../include/  -L/root/btad_new2/depends/i686-w64-mingw32/share/../lib  conftest.c conftstm.o >&5
configure:6128: $? = 0
configure:6166: result: ok
configure:6203: checking for sysroot
configure:6233: result: no
configure:6462: checking for i686-w64-mingw32-mt
configure:6492: result: no
configure:6502: checking for mt
configure:6518: found /bin/mt
configure:6529: result: mt
configure:6541: WARNING: using cross tools not prefixed with host triplet
configure:6552: checking if mt is a manifest tool
configure:6558: mt '-?'
configure:6566: result: no
configure:7208: checking how to run the C preprocessor
configure:7239: i686-w64-mingw32-gcc -E -I/root/btad_new2/depends/i686-w64-mingw32/share/../include/  conftest.c
configure:7239: $? = 0
configure:7253: i686-w64-mingw32-gcc -E -I/root/btad_new2/depends/i686-w64-mingw32/share/../include/  conftest.c
conftest.c:11:28: fatal error: ac_nonexistent.h: No such file or directory
 #include <ac_nonexistent.h>
                            ^
compilation terminated.
configure:7253: $? = 1
configure: failed program was:
| /* confdefs.h */
| #define PACKAGE_NAME "libsecp256k1"
| #define PACKAGE_TARNAME "libsecp256k1"
| #define PACKAGE_VERSION "0.1"
| #define PACKAGE_STRING "libsecp256k1 0.1"
| #define PACKAGE_BUGREPORT ""
| #define PACKAGE_URL ""
| #define PACKAGE "libsecp256k1"
| #define VERSION "0.1"
| /* end confdefs.h.  */
| #include <ac_nonexistent.h>
configure:7278: result: i686-w64-mingw32-gcc -E
configure:7298: i686-w64-mingw32-gcc -E -I/root/btad_new2/depends/i686-w64-mingw32/share/../include/  conftest.c
configure:7298: $? = 0
configure:7312: i686-w64-mingw32-gcc -E -I/root/btad_new2/depends/i686-w64-mingw32/share/../include/  conftest.c
conftest.c:11:28: fatal error: ac_nonexistent.h: No such file or directory
 #include <ac_nonexistent.h>
                            ^
compilation terminated.
configure:7312: $? = 1
configure: failed program was:
| /* confdefs.h */
| #define PACKAGE_NAME "libsecp256k1"
| #define PACKAGE_TARNAME "libsecp256k1"
| #define PACKAGE_VERSION "0.1"
| #define PACKAGE_STRING "libsecp256k1 0.1"
| #define PACKAGE_BUGREPORT ""
| #define PACKAGE_URL ""
| #define PACKAGE "libsecp256k1"
| #define VERSION "0.1"
| /* end confdefs.h.  */
| #include <ac_nonexistent.h>
configure:7341: checking for ANSI C header files
configure:7361: i686-w64-mingw32-gcc -c -pipe -O2  -I/root/btad_new2/depends/i686-w64-mingw32/share/../include/  conftest.c >&5
configure:7361: $? = 0
configure:7445: result: yes
configure:7458: checking for sys/types.h
configure:7458: i686-w64-mingw32-gcc -c -pipe -O2  -I/root/btad_new2/depends/i686-w64-mingw32/share/../include/  conftest.c >&5
configure:7458: $? = 0
configure:7458: result: yes
configure:7458: checking for sys/stat.h
configure:7458: i686-w64-mingw32-gcc -c -pipe -O2  -I/root/btad_new2/depends/i686-w64-mingw32/share/../include/  conftest.c >&5
configure:7458: $? = 0
configure:7458: result: yes
configure:7458: checking for stdlib.h
configure:7458: i686-w64-mingw32-gcc -c -pipe -O2  -I/root/btad_new2/depends/i686-w64-mingw32/share/../include/  conftest.c >&5
configure:7458: $? = 0
configure:7458: result: yes
configure:7458: checking for string.h
configure:7458: i686-w64-mingw32-gcc -c -pipe -O2  -I/root/btad_new2/depends/i686-w64-mingw32/share/../include/  conftest.c >&5
configure:7458: $? = 0
configure:7458: result: yes
configure:7458: checking for memory.h
configure:7458: i686-w64-mingw32-gcc -c -pipe -O2  -I/root/btad_new2/depends/i686-w64-mingw32/share/../include/  conftest.c >&5
configure:7458: $? = 0
configure:7458: result: yes
configure:7458: checking for strings.h
configure:7458: i686-w64-mingw32-gcc -c -pipe -O2  -I/root/btad_new2/depends/i686-w64-mingw32/share/../include/  conftest.c >&5
configure:7458: $? = 0
configure:7458: result: yes
configure:7458: checking for inttypes.h
configure:7458: i686-w64-mingw32-gcc -c -pipe -O2  -I/root/btad_new2/depends/i686-w64-mingw32/share/../include/  conftest.c >&5
configure:7458: $? = 0
configure:7458: result: yes
configure:7458: checking for stdint.h
configure:7458: i686-w64-mingw32-gcc -c -pipe -O2  -I/root/btad_new2/depends/i686-w64-mingw32/share/../include/  conftest.c >&5
configure:7458: $? = 0
configure:7458: result: yes
configure:7458: checking for unistd.h
configure:7458: i686-w64-mingw32-gcc -c -pipe -O2  -I/root/btad_new2/depends/i686-w64-mingw32/share/../include/  conftest.c >&5
configure:7458: $? = 0
configure:7458: result: yes
configure:7472: checking for dlfcn.h
configure:7472: i686-w64-mingw32-gcc -c -pipe -O2  -I/root/btad_new2/depends/i686-w64-mingw32/share/../include/  conftest.c >&5
conftest.c:55:19: fatal error: dlfcn.h: No such file or directory
 #include <dlfcn.h>
                   ^
compilation terminated.
configure:7472: $? = 1
configure: failed program was:
| /* confdefs.h */
| #define PACKAGE_NAME "libsecp256k1"
| #define PACKAGE_TARNAME "libsecp256k1"
| #define PACKAGE_VERSION "0.1"
| #define PACKAGE_STRING "libsecp256k1 0.1"
| #define PACKAGE_BUGREPORT ""
| #define PACKAGE_URL ""
| #define PACKAGE "libsecp256k1"
| #define VERSION "0.1"
| #define STDC_HEADERS 1
| #define HAVE_SYS_TYPES_H 1
| #define HAVE_SYS_STAT_H 1
| #define HAVE_STDLIB_H 1
| #define HAVE_STRING_H 1
| #define HAVE_MEMORY_H 1
| #define HAVE_STRINGS_H 1
| #define HAVE_INTTYPES_H 1
| #define HAVE_STDINT_H 1
| #define HAVE_UNISTD_H 1
| /* end confdefs.h.  */
| #include <stdio.h>
| #ifdef HAVE_SYS_TYPES_H
| # include <sys/types.h>
| #endif
| #ifdef HAVE_SYS_STAT_H
| # include <sys/stat.h>
| #endif
| #ifdef STDC_HEADERS
| # include <stdlib.h>
| # include <stddef.h>
| #else
| # ifdef HAVE_STDLIB_H
| #  include <stdlib.h>
| # endif
| #endif
| #ifdef HAVE_STRING_H
| # if !defined STDC_HEADERS && defined HAVE_MEMORY_H
| #  include <memory.h>
| # endif
| # include <string.h>
| #endif
| #ifdef HAVE_STRINGS_H
| # include <strings.h>
| #endif
| #ifdef HAVE_INTTYPES_H
| # include <inttypes.h>
| #endif
| #ifdef HAVE_STDINT_H
| # include <stdint.h>
| #endif
| #ifdef HAVE_UNISTD_H
| # include <unistd.h>
| #endif
| 
| #include <dlfcn.h>
configure:7472: result: no
configure:7678: checking for objdir
configure:7693: result: .libs
configure:7964: checking if i686-w64-mingw32-gcc supports -fno-rtti -fno-exceptions
configure:7982: i686-w64-mingw32-gcc -c -pipe -O2  -I/root/btad_new2/depends/i686-w64-mingw32/share/../include/  -fno-rtti -fno-exceptions conftest.c >&5
cc1: warning: command line option '-fno-rtti' is valid for C++/ObjC++ but not for C [enabled by default]
configure:7986: $? = 0
configure:7999: result: no
configure:8326: checking for i686-w64-mingw32-gcc option to produce PIC
configure:8333: result: -DDLL_EXPORT -DPIC
configure:8341: checking if i686-w64-mingw32-gcc PIC flag -DDLL_EXPORT -DPIC works
configure:8359: i686-w64-mingw32-gcc -c -pipe -O2  -I/root/btad_new2/depends/i686-w64-mingw32/share/../include/  -DDLL_EXPORT -DPIC -DPIC conftest.c >&5
configure:8363: $? = 0
configure:8376: result: yes
configure:8405: checking if i686-w64-mingw32-gcc static flag -static works
configure:8433: result: yes
configure:8448: checking if i686-w64-mingw32-gcc supports -c -o file.o
configure:8469: i686-w64-mingw32-gcc -c -pipe -O2  -I/root/btad_new2/depends/i686-w64-mingw32/share/../include/  -o out/conftest2.o conftest.c >&5
configure:8473: $? = 0
configure:8495: result: yes
configure:8503: checking if i686-w64-mingw32-gcc supports -c -o file.o
configure:8550: result: yes
configure:8583: checking whether the i686-w64-mingw32-gcc linker (/usr/bin/i686-w64-mingw32-ld) supports shared libraries
configure:9740: result: yes
configure:9980: checking dynamic linker characteristics
configure:10714: result: Win32 ld.exe
configure:10821: checking how to hardcode library paths into programs
configure:10846: result: immediate
configure:11386: checking whether stripping libraries is possible
configure:11391: result: yes
configure:11426: checking if libtool supports shared libraries
configure:11428: result: yes
configure:11431: checking whether to build shared libraries
configure:11452: result: no
configure:11455: checking whether to build static libraries
configure:11459: result: yes
configure:11508: checking whether make supports nested variables
configure:11525: result: yes
configure:11548: checking for i686-w64-mingw32-pkg-config
configure:11578: result: /usr/bin/pkg-config --static
configure:11646: checking pkg-config is at least version 0.9.0
configure:11649: result: yes
configure:11661: checking for i686-w64-mingw32-ar
configure:11679: found /usr/bin/i686-w64-mingw32-ar
configure:11691: result: /usr/bin/i686-w64-mingw32-ar
configure:11759: checking for i686-w64-mingw32-ranlib
configure:11777: found /usr/bin/i686-w64-mingw32-ranlib
configure:11789: result: /usr/bin/i686-w64-mingw32-ranlib
configure:11857: checking for i686-w64-mingw32-strip
configure:11875: found /usr/bin/i686-w64-mingw32-strip
configure:11887: result: /usr/bin/i686-w64-mingw32-strip
configure:11953: checking for i686-w64-mingw32-gcc option to accept ISO C99
configure:12102: i686-w64-mingw32-gcc  -c -pipe -O2  -I/root/btad_new2/depends/i686-w64-mingw32/share/../include/  conftest.c >&5
conftest.c:72:29: error: expected ';', ',' or ')' before 'text'
 test_restrict (ccp restrict text)
                             ^
conftest.c: In function 'main':
conftest.c:126:18: error: expected '=', ',', ';', 'asm' or '__attribute__' before 'newvar'
   char *restrict newvar = "Another string";
                  ^
conftest.c:126:18: error: 'newvar' undeclared (first use in this function)
conftest.c:126:18: note: each undeclared identifier is reported only once for each function it appears in
conftest.c:136:3: error: 'for' loop initial declarations are only allowed in C99 mode
   for (int i = 0; i < ia->datasize; ++i)
   ^
conftest.c:136:3: note: use option -std=c99 or -std=gnu99 to compile your code
configure:12102: $? = 1
configure: failed program was:
| /* confdefs.h */
| #define PACKAGE_NAME "libsecp256k1"
| #define PACKAGE_TARNAME "libsecp256k1"
| #define PACKAGE_VERSION "0.1"
| #define PACKAGE_STRING "libsecp256k1 0.1"
| #define PACKAGE_BUGREPORT ""
| #define PACKAGE_URL ""
| #define PACKAGE "libsecp256k1"
| #define VERSION "0.1"
| #define STDC_HEADERS 1
| #define HAVE_SYS_TYPES_H 1
| #define HAVE_SYS_STAT_H 1
| #define HAVE_STDLIB_H 1
| #define HAVE_STRING_H 1
| #define HAVE_MEMORY_H 1
| #define HAVE_STRINGS_H 1
| #define HAVE_INTTYPES_H 1
| #define HAVE_STDINT_H 1
| #define HAVE_UNISTD_H 1
| #define LT_OBJDIR ".libs/"
| /* end confdefs.h.  */
| #include <stdarg.h>
| #include <stdbool.h>
| #include <stdlib.h>
| #include <wchar.h>
| #include <stdio.h>
| 
| // Check varargs macros.  These examples are taken from C99 6.10.3.5.
| #define debug(...) fprintf (stderr, __VA_ARGS__)
| #define showlist(...) puts (#__VA_ARGS__)
| #define report(test,...) ((test) ? puts (#test) : printf (__VA_ARGS__))
| static void
| test_varargs_macros (void)
| {
|   int x = 1234;
|   int y = 5678;
|   debug ("Flag");
|   debug ("X = %d\n", x);
|   showlist (The first, second, and third items.);
|   report (x>y, "x is %d but y is %d", x, y);
| }
| 
| // Check long long types.
| #define BIG64 18446744073709551615ull
| #define BIG32 4294967295ul
| #define BIG_OK (BIG64 / BIG32 == 4294967297ull && BIG64 % BIG32 == 0)
| #if !BIG_OK
|   your preprocessor is broken;
| #endif
| #if BIG_OK
| #else
|   your preprocessor is broken;
| #endif
| static long long int bignum = -9223372036854775807LL;
| static unsigned long long int ubignum = BIG64;
| 
| struct incomplete_array
| {
|   int datasize;
|   double data[];
| };
| 
| struct named_init {
|   int number;
|   const wchar_t *name;
|   double average;
| };
| 
| typedef const char *ccp;
| 
| static inline int
| test_restrict (ccp restrict text)
| {
|   // See if C++-style comments work.
|   // Iterate through items via the restricted pointer.
|   // Also check for declarations in for loops.
|   for (unsigned int i = 0; *(text+i) != '\0'; ++i)
|     continue;
|   return 0;
| }
| 
| // Check varargs and va_copy.
| static void
| test_varargs (const char *format, ...)
| {
|   va_list args;
|   va_start (args, format);
|   va_list args_copy;
|   va_copy (args_copy, args);
| 
|   const char *str;
|   int number;
|   float fnumber;
| 
|   while (*format)
|     {
|       switch (*format++)
| 	{
| 	case 's': // string
| 	  str = va_arg (args_copy, const char *);
| 	  break;
| 	case 'd': // int
| 	  number = va_arg (args_copy, int);
| 	  break;
| 	case 'f': // float
| 	  fnumber = va_arg (args_copy, double);
| 	  break;
| 	default:
| 	  break;
| 	}
|     }
|   va_end (args_copy);
|   va_end (args);
| }
| 
| int
| main ()
| {
| 
|   // Check bool.
|   _Bool success = false;
| 
|   // Check restrict.
|   if (test_restrict ("String literal") == 0)
|     success = true;
|   char *restrict newvar = "Another string";
| 
|   // Check varargs.
|   test_varargs ("s, d' f .", "string", 65, 34.234);
|   test_varargs_macros ();
| 
|   // Check flexible array members.
|   struct incomplete_array *ia =
|     malloc (sizeof (struct incomplete_array) + (sizeof (double) * 10));
|   ia->datasize = 10;
|   for (int i = 0; i < ia->datasize; ++i)
|     ia->data[i] = i * 1.234;
| 
|   // Check named initializers.
|   struct named_init ni = {
|     .number = 34,
|     .name = L"Test wide string",
|     .average = 543.34343,
|   };
| 
|   ni.number = 58;
| 
|   int dynamic_array[ni.number];
|   dynamic_array[ni.number - 1] = 543;
| 
|   // work around unused variable warnings
|   return (!success || bignum == 0LL || ubignum == 0uLL || newvar[0] == 'x'
| 	  || dynamic_array[ni.number - 1] != 543);
| 
|   ;
|   return 0;
| }
configure:12102: i686-w64-mingw32-gcc -std=gnu99 -c -pipe -O2  -I/root/btad_new2/depends/i686-w64-mingw32/share/../include/  conftest.c >&5
configure:12102: $? = 0
configure:12122: result: -std=gnu99
configure:12253: checking if i686-w64-mingw32-gcc -std=gnu99 supports -Wall -Wextra -Wcast-align -Wnested-externs -Wshadow -Wstrict-prototypes -Wno-unused-function
configure:12259: i686-w64-mingw32-gcc -std=gnu99 -c -pipe -O2  -W -Wall -Wextra -Wcast-align -Wnested-externs -Wshadow -Wstrict-prototypes -Wno-unused-function -I/root/btad_new2/depends/i686-w64-mingw32/share/../include/  conftest.c >&5
configure:12259: $? = 0
configure:12260: result: yes
configure:12322: checking for __int128
configure:12322: i686-w64-mingw32-gcc -std=gnu99 -c -pipe -O2  -W -Wall -Wextra -Wcast-align -Wnested-externs -Wshadow -Wstrict-prototypes -Wno-unused-function -I/root/btad_new2/depends/i686-w64-mingw32/share/../include/  conftest.c >&5
conftest.c:56:1: warning: function declaration isn't a prototype [-Wstrict-prototypes]
 main ()
 ^
conftest.c: In function 'main':
conftest.c:58:13: error: '__int128' is not supported for this target
 if (sizeof (__int128))
             ^
conftest.c:58:1: warning: type defaults to 'int' in type name [enabled by default]
 if (sizeof (__int128))
 ^
configure:12322: $? = 1
configure: failed program was:
| /* confdefs.h */
| #define PACKAGE_NAME "libsecp256k1"
| #define PACKAGE_TARNAME "libsecp256k1"
| #define PACKAGE_VERSION "0.1"
| #define PACKAGE_STRING "libsecp256k1 0.1"
| #define PACKAGE_BUGREPORT ""
| #define PACKAGE_URL ""
| #define PACKAGE "libsecp256k1"
| #define VERSION "0.1"
| #define STDC_HEADERS 1
| #define HAVE_SYS_TYPES_H 1
| #define HAVE_SYS_STAT_H 1
| #define HAVE_STDLIB_H 1
| #define HAVE_STRING_H 1
| #define HAVE_MEMORY_H 1
| #define HAVE_STRINGS_H 1
| #define HAVE_INTTYPES_H 1
| #define HAVE_STDINT_H 1
| #define HAVE_UNISTD_H 1
| #define LT_OBJDIR ".libs/"
| /* end confdefs.h.  */
| #include <stdio.h>
| #ifdef HAVE_SYS_TYPES_H
| # include <sys/types.h>
| #endif
| #ifdef HAVE_SYS_STAT_H
| # include <sys/stat.h>
| #endif
| #ifdef STDC_HEADERS
| # include <stdlib.h>
| # include <stddef.h>
| #else
| # ifdef HAVE_STDLIB_H
| #  include <stdlib.h>
| # endif
| #endif
| #ifdef HAVE_STRING_H
| # if !defined STDC_HEADERS && defined HAVE_MEMORY_H
| #  include <memory.h>
| # endif
| # include <string.h>
| #endif
| #ifdef HAVE_STRINGS_H
| # include <strings.h>
| #endif
| #ifdef HAVE_INTTYPES_H
| # include <inttypes.h>
| #endif
| #ifdef HAVE_STDINT_H
| # include <stdint.h>
| #endif
| #ifdef HAVE_UNISTD_H
| # include <unistd.h>
| #endif
| int
| main ()
| {
| if (sizeof (__int128))
| 	 return 0;
|   ;
|   return 0;
| }
configure:12322: result: no
configure:12333: checking whether __builtin_expect is declared
configure:12333: i686-w64-mingw32-gcc -std=gnu99 -c -pipe -O2  -W -Wall -Wextra -Wcast-align -Wnested-externs -Wshadow -Wstrict-prototypes -Wno-unused-function -I/root/btad_new2/depends/i686-w64-mingw32/share/../include/  conftest.c >&5
conftest.c:56:1: warning: function declaration isn't a prototype [-Wstrict-prototypes]
 main ()
 ^
configure:12333: $? = 0
configure:12333: result: yes
configure:12533: Using field implementation: 32bit
configure:12535: Using bignum implementation: none
configure:12537: Using scalar implementation: 32bit
configure:12687: checking that generated files are newer than configure
configure:12693: result: done
configure:12728: creating ./config.status

## ---------------------- ##
## Running config.status. ##
## ---------------------- ##

This file was extended by libsecp256k1 config.status 0.1, which was
generated by GNU Autoconf 2.69.  Invocation command line was

  CONFIG_FILES    = 
  CONFIG_HEADERS  = 
  CONFIG_LINKS    = 
  CONFIG_COMMANDS = 
  $ ./config.status 

on vultr.guest

config.status:1115: creating Makefile
config.status:1115: creating libsecp256k1.pc
config.status:1115: creating src/libsecp256k1-config.h
config.status:1296: src/libsecp256k1-config.h is unchanged
config.status:1344: executing depfiles commands
config.status:1344: executing libtool commands

## ---------------- ##
## Cache variables. ##
## ---------------- ##

ac_cv_build=x86_64-unknown-linux-gnu
ac_cv_c_compiler_gnu=yes
ac_cv_env_CC_set=
ac_cv_env_CC_value=
ac_cv_env_CFLAGS_set=
ac_cv_env_CFLAGS_value=
ac_cv_env_CPPFLAGS_set=
ac_cv_env_CPPFLAGS_value=
ac_cv_env_CPP_set=
ac_cv_env_CPP_value=
ac_cv_env_LDFLAGS_set=
ac_cv_env_LDFLAGS_value=
ac_cv_env_LIBS_set=
ac_cv_env_LIBS_value=
ac_cv_env_PKG_CONFIG_LIBDIR_set=
ac_cv_env_PKG_CONFIG_LIBDIR_value=
ac_cv_env_PKG_CONFIG_PATH_set=
ac_cv_env_PKG_CONFIG_PATH_value=
ac_cv_env_PKG_CONFIG_set=
ac_cv_env_PKG_CONFIG_value=
ac_cv_env_build_alias_set=
ac_cv_env_build_alias_value=
ac_cv_env_host_alias_set=
ac_cv_env_host_alias_value=
ac_cv_env_target_alias_set=
ac_cv_env_target_alias_value=
ac_cv_exeext=.exe
ac_cv_have_decl___builtin_expect=yes
ac_cv_header_dlfcn_h=no
ac_cv_header_inttypes_h=yes
ac_cv_header_memory_h=yes
ac_cv_header_stdc=yes
ac_cv_header_stdint_h=yes
ac_cv_header_stdlib_h=yes
ac_cv_header_string_h=yes
ac_cv_header_strings_h=yes
ac_cv_header_sys_stat_h=yes
ac_cv_header_sys_types_h=yes
ac_cv_header_unistd_h=yes
ac_cv_host=i686-w64-mingw32
ac_cv_objext=o
ac_cv_path_AR=/usr/bin/i686-w64-mingw32-ar
ac_cv_path_EGREP='/bin/grep -E'
ac_cv_path_FGREP='/bin/grep -F'
ac_cv_path_GREP=/bin/grep
ac_cv_path_PKG_CONFIG='/usr/bin/pkg-config --static'
ac_cv_path_RANLIB=/usr/bin/i686-w64-mingw32-ranlib
ac_cv_path_SED=/bin/sed
ac_cv_path_STRIP=/usr/bin/i686-w64-mingw32-strip
ac_cv_path_ac_pt_AR=i686-w64-mingw32-ar
ac_cv_path_ac_pt_NM=i686-w64-mingw32-nm
ac_cv_path_ac_pt_RANLIB=i686-w64-mingw32-ranlib
ac_cv_path_install='/usr/bin/install -c'
ac_cv_path_mkdir=/bin/mkdir
ac_cv_prog_AR=i686-w64-mingw32-ar
ac_cv_prog_AWK=mawk
ac_cv_prog_CC=i686-w64-mingw32-gcc
ac_cv_prog_CPP='i686-w64-mingw32-gcc -E'
ac_cv_prog_DLLTOOL=i686-w64-mingw32-dlltool
ac_cv_prog_OBJDUMP=i686-w64-mingw32-objdump
ac_cv_prog_RANLIB=i686-w64-mingw32-ranlib
ac_cv_prog_STRIP=i686-w64-mingw32-strip
ac_cv_prog_ac_ct_MANIFEST_TOOL=mt
ac_cv_prog_cc_c89=
ac_cv_prog_cc_c99=-std=gnu99
ac_cv_prog_cc_g=yes
ac_cv_prog_make_make_set=yes
ac_cv_type___int128=no
am_cv_CC_dependencies_compiler_type=gcc3
am_cv_make_support_nested_variables=yes
am_cv_prog_cc_c_o=yes
lt_cv_ar_at_file=@
lt_cv_deplibs_check_method='file_magic ^x86 archive import|^x86 DLL'
lt_cv_file_magic_cmd=func_win32_libid
lt_cv_file_magic_test_file=
lt_cv_ld_reload_flag=-r
lt_cv_nm_interface='BSD nm'
lt_cv_objdir=.libs
lt_cv_path_LD=/usr/bin/i686-w64-mingw32-ld
lt_cv_path_NM=i686-w64-mingw32-nm
lt_cv_path_mainfest_tool=no
lt_cv_prog_compiler_c_o=yes
lt_cv_prog_compiler_pic='-DDLL_EXPORT -DPIC'
lt_cv_prog_compiler_pic_works=yes
lt_cv_prog_compiler_rtti_exceptions=no
lt_cv_prog_compiler_static_works=yes
lt_cv_prog_gnu_ld=yes
lt_cv_sharedlib_from_linklib_cmd=func_cygming_dll_for_implib
lt_cv_sys_global_symbol_pipe='sed -n -e '\''s/^.*[	 ]\([ABCDGIRSTW][ABCDGIRSTW]*\)[	 ][	 ]*_\([_A-Za-z][_A-Za-z0-9]*\)$/\1 _\2 \2/p'\'' | sed '\''/ __gnu_lto/d'\'''
lt_cv_sys_global_symbol_to_c_name_address='sed -n -e '\''s/^: \([^ ]*\)[ ]*$/  {\"\1\", (void *) 0},/p'\'' -e '\''s/^[ABCDGIRSTW]* \([^ ]*\) \([^ ]*\)$/  {"\2", (void *) \&\2},/p'\'''
lt_cv_sys_global_symbol_to_c_name_address_lib_prefix='sed -n -e '\''s/^: \([^ ]*\)[ ]*$/  {\"\1\", (void *) 0},/p'\'' -e '\''s/^[ABCDGIRSTW]* \([^ ]*\) \(lib[^ ]*\)$/  {"\2", (void *) \&\2},/p'\'' -e '\''s/^[ABCDGIRSTW]* \([^ ]*\) \([^ ]*\)$/  {"lib\2", (void *) \&\2},/p'\'''
lt_cv_sys_global_symbol_to_cdecl='sed -n -e '\''s/^T .* \(.*\)$/extern int \1();/p'\'' -e '\''s/^[ABCDGIRSTW]* .* \(.*\)$/extern char \1;/p'\'''
lt_cv_sys_max_cmd_len=1572864
lt_cv_to_host_file_cmd=func_convert_file_nix_to_w32
lt_cv_to_tool_file_cmd=func_convert_file_noop

## ----------------- ##
## Output variables. ##
## ----------------- ##

ACLOCAL='${SHELL} /root/btad_new2/src/secp256k1/build-aux/missing aclocal-1.14'
AMDEPBACKSLASH='\'
AMDEP_FALSE='#'
AMDEP_TRUE=''
AMTAR='$${TAR-tar}'
AM_BACKSLASH='\'
AM_DEFAULT_V='$(AM_DEFAULT_VERBOSITY)'
AM_DEFAULT_VERBOSITY='0'
AM_V='$(V)'
AR='/usr/bin/i686-w64-mingw32-ar'
AUTOCONF='${SHELL} /root/btad_new2/src/secp256k1/build-aux/missing autoconf'
AUTOHEADER='${SHELL} /root/btad_new2/src/secp256k1/build-aux/missing autoheader'
AUTOMAKE='${SHELL} /root/btad_new2/src/secp256k1/build-aux/missing automake-1.14'
AWK='mawk'
BREW=''
CC='i686-w64-mingw32-gcc -std=gnu99'
CCDEPMODE='depmode=gcc3'
CFLAGS='-pipe -O2  -W -Wall -Wextra -Wcast-align -Wnested-externs -Wshadow -Wstrict-prototypes -Wno-unused-function'
CPP='i686-w64-mingw32-gcc -E'
CPPFLAGS='-I/root/btad_new2/depends/i686-w64-mingw32/share/../include/ '
CYGPATH_W='echo'
DEFS='-DHAVE_CONFIG_H'
DEPDIR='.deps'
DLLTOOL='i686-w64-mingw32-dlltool'
DSYMUTIL=''
DUMPBIN=''
ECHO_C=''
ECHO_N='-n'
ECHO_T=''
EGREP='/bin/grep -E'
EXEEXT='.exe'
FGREP='/bin/grep -F'
GREP='/bin/grep'
INSTALL_DATA='${INSTALL} -m 644'
INSTALL_PROGRAM='${INSTALL}'
INSTALL_SCRIPT='${INSTALL}'
INSTALL_STRIP_PROGRAM='$(install_sh) -c -s'
LD='/usr/bin/i686-w64-mingw32-ld'
LDFLAGS='-L/root/btad_new2/depends/i686-w64-mingw32/share/../lib '
LIBOBJS=''
LIBS=''
LIBTOOL='$(SHELL) $(top_builddir)/libtool'
LIPO=''
LN_S='ln -s'
LTLIBOBJS=''
MAKEINFO='${SHELL} /root/btad_new2/src/secp256k1/build-aux/missing makeinfo'
MANIFEST_TOOL=':'
MKDIR_P='/bin/mkdir -p'
NM='i686-w64-mingw32-nm'
NMEDIT=''
OBJDUMP='i686-w64-mingw32-objdump'
OBJEXT='o'
OTOOL64=''
OTOOL=''
PACKAGE='libsecp256k1'
PACKAGE_BUGREPORT=''
PACKAGE_NAME='libsecp256k1'
PACKAGE_STRING='libsecp256k1 0.1'
PACKAGE_TARNAME='libsecp256k1'
PACKAGE_URL=''
PACKAGE_VERSION='0.1'
PATH_SEPARATOR=':'
PKG_CONFIG='/usr/bin/pkg-config --static'
PKG_CONFIG_LIBDIR=''
PKG_CONFIG_PATH='/root/btad_new2/depends/i686-w64-mingw32/share/../share/pkgconfig:/root/btad_new2/depends/i686-w64-mingw32/share/../lib/pkgconfig'
PORT=''
RANLIB='/usr/bin/i686-w64-mingw32-ranlib'
SECP_INCLUDES=''
SECP_LIBS=''
SECP_TEST_INCLUDES=''
SECP_TEST_LIBS=''
SED='/bin/sed'
SET_MAKE=''
SHELL='/bin/bash'
STRIP='/usr/bin/i686-w64-mingw32-strip'
USE_ASM_FALSE=''
USE_ASM_TRUE='#'
USE_BENCHMARK_FALSE='#'
USE_BENCHMARK_TRUE=''
USE_TESTS_FALSE='#'
USE_TESTS_TRUE=''
VERSION='0.1'
YASM_BINFMT=''
ac_ct_AR=''
ac_ct_CC=''
ac_ct_DUMPBIN=''
am__EXEEXT_FALSE='#'
am__EXEEXT_TRUE=''
am__fastdepCC_FALSE='#'
am__fastdepCC_TRUE=''
am__include='include'
am__isrc=''
am__leading_dot='.'
am__nodep='_no'
am__quote=''
am__tar='$${TAR-tar} chof - "$$tardir"'
am__untar='$${TAR-tar} xf -'
bindir='${exec_prefix}/bin'
build='x86_64-unknown-linux-gnu'
build_alias=''
build_cpu='x86_64'
build_os='linux-gnu'
build_vendor='unknown'
datadir='${datarootdir}'
datarootdir='${prefix}/share'
docdir='${datarootdir}/doc/${PACKAGE_TARNAME}'
dvidir='${docdir}'
exec_prefix='${prefix}'
host='i686-w64-mingw32'
host_alias='i686-w64-mingw32'
host_cpu='i686'
host_os='mingw32'
host_vendor='w64'
htmldir='${docdir}'
includedir='${prefix}/include'
infodir='${datarootdir}/info'
install_sh='${SHELL} /root/btad_new2/src/secp256k1/build-aux/install-sh'
libdir='${exec_prefix}/lib'
libexecdir='${exec_prefix}/libexec'
localedir='${datarootdir}/locale'
localstatedir='${prefix}/var'
mandir='${datarootdir}/man'
mkdir_p='$(MKDIR_P)'
oldincludedir='/usr/include'
pdfdir='${docdir}'
prefix='/root/btad_new2/depends/i686-w64-mingw32'
program_transform_name='s,x,x,'
psdir='${docdir}'
sbindir='${exec_prefix}/sbin'
sharedstatedir='${prefix}/com'
sysconfdir='${prefix}/etc'
target_alias=''

## ----------- ##
## confdefs.h. ##
## ----------- ##

/* confdefs.h */
#define PACKAGE_NAME "libsecp256k1"
#define PACKAGE_TARNAME "libsecp256k1"
#define PACKAGE_VERSION "0.1"
#define PACKAGE_STRING "libsecp256k1 0.1"
#define PACKAGE_BUGREPORT ""
#define PACKAGE_URL ""
#define PACKAGE "libsecp256k1"
#define VERSION "0.1"
#define STDC_HEADERS 1
#define HAVE_SYS_TYPES_H 1
#define HAVE_SYS_STAT_H 1
#define HAVE_STDLIB_H 1
#define HAVE_STRING_H 1
#define HAVE_MEMORY_H 1
#define HAVE_STRINGS_H 1
#define HAVE_INTTYPES_H 1
#define HAVE_STDINT_H 1
#define HAVE_UNISTD_H 1
#define LT_OBJDIR ".libs/"
#define HAVE_BUILTIN_EXPECT 1
#define USE_FIELD_10X26 1
#define USE_NUM_NONE 1
#define USE_FIELD_INV_BUILTIN 1
#define USE_SCALAR_INV_BUILTIN 1
#define USE_SCALAR_8X32 1

configure: exit 0
